<?xml version="1.0" encoding="UTF-8"?>
<!-- Generated by org.testng.reporters.JUnitReportReporter -->
<testsuite hostname="HJNZL001947" name="com.selenium.functionalTest.ViewUsersLogTestCase" tests="1" failures="0" timestamp="16 Dec 2021 11:09:34 GMT" time="11.371" errors="0">
  <testcase name="viewUsersLog" time="11.371" classname="com.selenium.functionalTest.ViewUsersLogTestCase"/>
</testsuite> <!-- com.selenium.functionalTest.ViewUsersLogTestCase -->
