<?xml version="1.0" encoding="UTF-8"?>
<!-- Generated by org.testng.reporters.JUnitReportReporter -->
<testsuite hostname="HJNZL001947" name="com.selenium.functionalTest.AddStaticHeadsTestCase" tests="1" failures="0" timestamp="16 Dec 2021 10:13:22 GMT" time="18.552" errors="0">
  <testcase name="addStaticHead" time="18.552" classname="com.selenium.functionalTest.AddStaticHeadsTestCase"/>
</testsuite> <!-- com.selenium.functionalTest.AddStaticHeadsTestCase -->
