<?xml version="1.0" encoding="UTF-8"?>
<!-- Generated by org.testng.reporters.JUnitReportReporter -->
<testsuite hostname="HJNZL001947" name="com.selenium.ddt.AddUsersTestCase" tests="4" failures="0" timestamp="16 Dec 2021 10:01:22 GMT" time="74.700" errors="0">
  <testcase name="demoClass" time="19.259" classname="com.selenium.ddt.AddUsersTestCase"/>
  <testcase name="demoClass" time="20.957" classname="com.selenium.ddt.AddUsersTestCase"/>
  <testcase name="demoClass" time="17.708" classname="com.selenium.ddt.AddUsersTestCase"/>
  <testcase name="demoClass" time="16.776" classname="com.selenium.ddt.AddUsersTestCase"/>
</testsuite> <!-- com.selenium.ddt.AddUsersTestCase -->
