<?xml version="1.0" encoding="UTF-8"?>
<!-- Generated by org.testng.reporters.JUnitReportReporter -->
<testsuite hostname="HJNZL001947" name="com.selenium.ddt.AddFlexibleHeadsTestCase" tests="3" failures="0" timestamp="16 Dec 2021 10:02:51 GMT" time="53.640" errors="0">
  <testcase name="demoClass" time="17.037" classname="com.selenium.ddt.AddFlexibleHeadsTestCase"/>
  <testcase name="demoClass" time="19.531" classname="com.selenium.ddt.AddFlexibleHeadsTestCase"/>
  <testcase name="demoClass" time="17.072" classname="com.selenium.ddt.AddFlexibleHeadsTestCase"/>
</testsuite> <!-- com.selenium.ddt.AddFlexibleHeadsTestCase -->
