<?xml version="1.0" encoding="UTF-8"?>
<!-- Generated by org.testng.reporters.JUnitReportReporter -->
<testsuite hostname="ARPGL006610" name="com.selenium.functionalTest.AssociateStaticFeeTestCase" tests="1" failures="0" timestamp="16 Dec 2021 15:08:57 GMT" time="22.103" errors="0">
  <testcase name="addClasses" time="22.103" classname="com.selenium.functionalTest.AssociateStaticFeeTestCase"/>
</testsuite> <!-- com.selenium.functionalTest.AssociateStaticFeeTestCase -->
