<?xml version="1.0" encoding="UTF-8"?>
<!-- Generated by org.testng.reporters.JUnitReportReporter -->
<testsuite hostname="ARPGL006610" name="com.selenium.functionalTest.LoginTestCase" tests="1" failures="0" timestamp="16 Dec 2021 13:32:11 GMT" time="14.723" errors="0">
  <testcase name="loginTestCase" time="14.723" classname="com.selenium.functionalTest.LoginTestCase"/>
</testsuite> <!-- com.selenium.functionalTest.LoginTestCase -->
