<?xml version="1.0" encoding="UTF-8"?>
<!-- Generated by org.testng.reporters.JUnitReportReporter -->
<testsuite hostname="HJNZL001947" name="com.selenium.ddt.DataDrivenTest" tests="4" failures="0" timestamp="13 Dec 2021 08:00:13 GMT" time="76.391" errors="0">
  <testcase name="demoClass" time="20.539" classname="com.selenium.ddt.DataDrivenTest"/>
  <testcase name="demoClass" time="20.576" classname="com.selenium.ddt.DataDrivenTest"/>
  <testcase name="demoClass" time="16.383" classname="com.selenium.ddt.DataDrivenTest"/>
  <testcase name="demoClass" time="18.893" classname="com.selenium.ddt.DataDrivenTest"/>
</testsuite> <!-- com.selenium.ddt.DataDrivenTest -->
