<?xml version="1.0" encoding="UTF-8"?>
<!-- Generated by org.testng.reporters.JUnitReportReporter -->
<testsuite hostname="HJNZL001947" name="com.selenium.functionalTest.ResetClassName" tests="1" failures="0" timestamp="16 Dec 2021 11:01:54 GMT" time="20.686" errors="0">
  <testcase name="resetClassName" time="20.686" classname="com.selenium.functionalTest.ResetClassName"/>
</testsuite> <!-- com.selenium.functionalTest.ResetClassName -->
