<?xml version="1.0" encoding="UTF-8"?>
<!-- Generated by org.testng.reporters.JUnitReportReporter -->
<testsuite hostname="HJNZL001947" name="com.selenium.functionalTest.AddSessionsTestCase" tests="1" failures="0" timestamp="16 Dec 2021 10:09:22 GMT" time="21.189" errors="0">
  <testcase name="addNewSession" time="21.189" classname="com.selenium.functionalTest.AddSessionsTestCase"/>
</testsuite> <!-- com.selenium.functionalTest.AddSessionsTestCase -->
