<?xml version="1.0" encoding="UTF-8"?>
<!-- Generated by org.testng.reporters.JUnitReportReporter -->
<testsuite hostname="HJNZL001947" name="com.selenium.functionalTest.ViewFlexibleHeadsTestCase" tests="1" failures="0" timestamp="16 Dec 2021 11:08:35 GMT" time="8.484" errors="0">
  <testcase name="ViewFlexibleHeads" time="8.484" classname="com.selenium.functionalTest.ViewFlexibleHeadsTestCase"/>
</testsuite> <!-- com.selenium.functionalTest.ViewFlexibleHeadsTestCase -->
