<?xml version="1.0" encoding="UTF-8"?>
<!-- Generated by org.testng.reporters.JUnitReportReporter -->
<testsuite hostname="HJNZL001947" name="com.selenium.functionalTest.EditStaticHeadsTestCase" tests="1" failures="0" timestamp="16 Dec 2021 10:53:23 GMT" time="18.130" errors="0">
  <testcase name="editStaticHead" time="18.130" classname="com.selenium.functionalTest.EditStaticHeadsTestCase"/>
</testsuite> <!-- com.selenium.functionalTest.EditStaticHeadsTestCase -->
