<?xml version="1.0" encoding="UTF-8"?>
<!-- Generated by org.testng.reporters.JUnitReportReporter -->
<testsuite hostname="HJNZL001947" name="com.selenium.functionalTest.DeleteClass" tests="1" failures="0" timestamp="16 Dec 2021 10:20:20 GMT" time="24.633" errors="0">
  <testcase name="addClasses" time="24.633" classname="com.selenium.functionalTest.DeleteClass"/>
</testsuite> <!-- com.selenium.functionalTest.DeleteClass -->
