<?xml version="1.0" encoding="UTF-8"?>
<!-- Generated by org.testng.reporters.JUnitReportReporter -->
<testsuite hostname="HJNZL001947" name="com.selenium.functionalTest.AddClasses" tests="1" failures="0" timestamp="16 Dec 2021 10:05:49 GMT" time="24.924" errors="0">
  <testcase name="addClasses" time="24.924" classname="com.selenium.functionalTest.AddClasses"/>
</testsuite> <!-- com.selenium.functionalTest.AddClasses -->
