<?xml version="1.0" encoding="UTF-8"?>
<!-- Generated by org.testng.reporters.JUnitReportReporter -->
<testsuite hostname="HJNZL001947" name="com.selenium.functionalTest.ViewDefaultersTestCase" tests="1" failures="0" timestamp="16 Dec 2021 11:08:01 GMT" time="8.413" errors="0">
  <testcase name="ViewMonthlyCollection" time="8.413" classname="com.selenium.functionalTest.ViewDefaultersTestCase"/>
</testsuite> <!-- com.selenium.functionalTest.ViewDefaultersTestCase -->
