<?xml version="1.0" encoding="UTF-8"?>
<!-- Generated by org.testng.reporters.JUnitReportReporter -->
<testsuite hostname="HJNZL001947" name="com.selenium.functionalTest.GenerateInvoiceTestCase" tests="1" failures="0" timestamp="16 Dec 2021 10:57:08 GMT" time="27.090" errors="0">
  <testcase name="genrateInvoice" time="27.090" classname="com.selenium.functionalTest.GenerateInvoiceTestCase"/>
</testsuite> <!-- com.selenium.functionalTest.GenerateInvoiceTestCase -->
