<?xml version="1.0" encoding="UTF-8"?>
<!-- Generated by org.testng.reporters.JUnitReportReporter -->
<testsuite hostname="HJNZL001947" name="com.selenium.functionalTest.EditClass" tests="1" failures="0" timestamp="16 Dec 2021 10:37:01 GMT" time="34.025" errors="0">
  <testcase name="f" time="34.025" classname="com.selenium.functionalTest.EditClass"/>
</testsuite> <!-- com.selenium.functionalTest.EditClass -->
