<?xml version="1.0" encoding="UTF-8"?>
<!-- Generated by org.testng.reporters.JUnitReportReporter -->
<testsuite hostname="ARPGL006610" name="functionalTests.Pom1" tests="1" failures="0" timestamp="6 Dec 2021 07:14:29 GMT" time="13.750" errors="0">
  <testcase name="login" time="13.750" classname="functionalTests.Pom1"/>
</testsuite> <!-- functionalTests.Pom1 -->
