<?xml version="1.0" encoding="UTF-8"?>
<!-- Generated by org.testng.reporters.JUnitReportReporter -->
<testsuite hostname="ARPGL006610" name="com.selenium.functionalTest.TakeScreenshot" tests="1" failures="0" timestamp="8 Dec 2021 04:20:27 GMT" time="9.038" errors="0">
  <testcase name="screenshot" time="9.038" classname="com.selenium.functionalTest.TakeScreenshot"/>
</testsuite> <!-- com.selenium.functionalTest.TakeScreenshot -->
