<?xml version="1.0" encoding="UTF-8"?>
<!-- Generated by org.testng.reporters.JUnitReportReporter -->
<testsuite hostname="ARPGL006610" name="functionalTests.AdminLogin" tests="1" failures="0" timestamp="6 Dec 2021 07:24:06 GMT" time="9.653" errors="0">
  <testcase name="login" time="9.653" classname="functionalTests.AdminLogin"/>
</testsuite> <!-- functionalTests.AdminLogin -->
