<?xml version="1.0" encoding="UTF-8"?>
<!-- Generated by org.testng.reporters.JUnitReportReporter -->
<testsuite hostname="HJNZL001947" name="com.selenium.functionalTest.DeleteStaticHeadsTestCase" tests="1" failures="0" timestamp="16 Dec 2021 10:25:17 GMT" time="18.638" errors="0">
  <testcase name="deleteFlexibleHeads" time="18.638" classname="com.selenium.functionalTest.DeleteStaticHeadsTestCase"/>
</testsuite> <!-- com.selenium.functionalTest.DeleteStaticHeadsTestCase -->
