<?xml version="1.0" encoding="UTF-8"?>
<!-- Generated by org.testng.reporters.JUnitReportReporter -->
<testsuite hostname="HJNZL001947" name="com.selenium.functionalTest.MonthlyCollectionTestCase" tests="1" failures="0" timestamp="16 Dec 2021 11:00:12 GMT" time="8.887" errors="0">
  <testcase name="ViewMonthlyCollection" time="8.887" classname="com.selenium.functionalTest.MonthlyCollectionTestCase"/>
</testsuite> <!-- com.selenium.functionalTest.MonthlyCollectionTestCase -->
