<?xml version="1.0" encoding="UTF-8"?>
<!-- Generated by org.testng.reporters.JUnitReportReporter -->
<testsuite hostname="HJNZL001947" name="com.selenium.functionalTest.ViewStaticHeadsTestCase" tests="1" failures="0" timestamp="16 Dec 2021 11:09:08 GMT" time="8.565" errors="0">
  <testcase name="ViewStaticHeads" time="8.565" classname="com.selenium.functionalTest.ViewStaticHeadsTestCase"/>
</testsuite> <!-- com.selenium.functionalTest.ViewStaticHeadsTestCase -->
