<?xml version="1.0" encoding="UTF-8"?>
<!-- Generated by org.testng.reporters.JUnitReportReporter -->
<testsuite hostname="HJNZL001947" name="com.selenium.functionalTest.EmptyClass" tests="1" failures="0" timestamp="14 Dec 2021 04:36:17 GMT" time="23.654" errors="0">
  <testcase name="emptyClass" time="23.654" classname="com.selenium.functionalTest.EmptyClass"/>
</testsuite> <!-- com.selenium.functionalTest.EmptyClass -->
