<?xml version="1.0" encoding="UTF-8"?>
<!-- Generated by org.testng.reporters.JUnitReportReporter -->
<testsuite hostname="HJNZL001947" name="com.selenium.functionalTest.UpdateUsersTypeTestCase" tests="1" failures="0" timestamp="16 Dec 2021 11:07:07 GMT" time="10.556" errors="0">
  <testcase name="updateUserDetails" time="10.556" classname="com.selenium.functionalTest.UpdateUsersTypeTestCase"/>
</testsuite> <!-- com.selenium.functionalTest.UpdateUsersTypeTestCase -->
