<?xml version="1.0" encoding="UTF-8"?>
<!-- Generated by org.testng.reporters.JUnitReportReporter -->
<testsuite hostname="HJNZL001947" name="com.selenium.functionalTest.EditFlexibleHeadsTestCase" tests="1" failures="0" timestamp="16 Dec 2021 10:39:30 GMT" time="21.870" errors="0">
  <testcase name="editFlexibleHeads" time="21.870" classname="com.selenium.functionalTest.EditFlexibleHeadsTestCase"/>
</testsuite> <!-- com.selenium.functionalTest.EditFlexibleHeadsTestCase -->
