<?xml version="1.0" encoding="UTF-8"?>
<!-- Generated by org.testng.reporters.JUnitReportReporter -->
<testsuite hostname="HJNZL001947" name="com.selenium.functionalTest.DuplicateClass" tests="1" failures="0" timestamp="16 Dec 2021 10:33:23 GMT" time="27.699" errors="0">
  <testcase name="duplicateClass" time="27.699" classname="com.selenium.functionalTest.DuplicateClass"/>
</testsuite> <!-- com.selenium.functionalTest.DuplicateClass -->
