<?xml version="1.0" encoding="UTF-8"?>
<!-- Generated by org.testng.reporters.JUnitReportReporter -->
<testsuite hostname="HJNZL001947" name="com.selenium.functionalTest.AssociateStaticFee" tests="1" failures="0" timestamp="16 Dec 2021 10:15:29 GMT" time="24.708" errors="0">
  <testcase name="addClasses" time="24.708" classname="com.selenium.functionalTest.AssociateStaticFee"/>
</testsuite> <!-- com.selenium.functionalTest.AssociateStaticFee -->
