<?xml version="1.0" encoding="UTF-8"?>
<!-- Generated by org.testng.reporters.JUnitReportReporter -->
<testsuite hostname="HJNZL001947" name="com.selenium.functionalTest.DeleteUsersTestCase" tests="1" failures="0" timestamp="16 Dec 2021 10:29:58 GMT" time="10.808" errors="0">
  <testcase name="deleteUser" time="10.808" classname="com.selenium.functionalTest.DeleteUsersTestCase"/>
</testsuite> <!-- com.selenium.functionalTest.DeleteUsersTestCase -->
