<?xml version="1.0" encoding="UTF-8"?>
<!-- Generated by org.testng.reporters.JUnitReportReporter -->
<testsuite hostname="ARPGL006610" name="pageObjectModel.Pom1" tests="1" failures="0" timestamp="6 Dec 2021 03:58:21 GMT" time="10.684" errors="0">
  <testcase name="login" time="10.684" classname="pageObjectModel.Pom1"/>
</testsuite> <!-- pageObjectModel.Pom1 -->
