<?xml version="1.0" encoding="UTF-8"?>
<!-- Generated by org.testng.reporters.JUnitReportReporter -->
<testsuite hostname="ARPGL006610" name="ddt.DataDrivenTest" tests="3" failures="0" timestamp="6 Dec 2021 10:32:25 GMT" time="34.895" errors="0">
  <testcase name="demoClass" time="13.640" classname="ddt.DataDrivenTest"/>
  <testcase name="demoClass" time="10.851" classname="ddt.DataDrivenTest"/>
  <testcase name="demoClass" time="10.404" classname="ddt.DataDrivenTest"/>
</testsuite> <!-- ddt.DataDrivenTest -->
