<?xml version="1.0" encoding="UTF-8"?>
<!-- Generated by org.testng.reporters.JUnitReportReporter -->
<testsuite hostname="HJNZL001947" name="com.selenium.functionalTest.DeleteFlexibleHeadsTestCase" tests="1" failures="0" timestamp="16 Dec 2021 10:23:47 GMT" time="22.029" errors="0">
  <testcase name="deleteFlexibleHeads" time="22.029" classname="com.selenium.functionalTest.DeleteFlexibleHeadsTestCase"/>
</testsuite> <!-- com.selenium.functionalTest.DeleteFlexibleHeadsTestCase -->
